<?xml version="1.0" encoding="UTF-8"?>
<testsuite xmlns:xsi="http://www.w3.org/2001/XMLSchema-instance" xsi:noNamespaceSchemaLocation="https://maven.apache.org/surefire/maven-surefire-plugin/xsd/surefire-test-report.xsd" version="3.0.2" name="com.sean.assignment.AssignmentApplicationTests" time="3.316" tests="1" errors="0" skipped="0" failures="0">
  <properties>
[...]
</properties>
  <testcase name="testJWTtoken" classname="com.sean.assignment.AssignmentApplicationTests" time="0.706">
    <system-out><![CDATA[21:25:28.920 [main] INFO org.springframework.test.context.support.AnnotationConfigContextLoaderUtils -- Could not detect default configuration classes for test class [com.sean.assignment.AssignmentApplicationTests]: AssignmentApplicationTests does not declare any static, non-private, non-final, nested classes annotated with @Configuration.
21:25:29.012 [main] INFO org.springframework.boot.test.context.SpringBootTestContextBootstrapper -- Found @SpringBootConfiguration com.sean.assignment.AssignmentApplication for test class com.sean.assignment.AssignmentApplicationTests

  .   ____          _            __ _ _
 /\\ / ___'_ __ _ _(_)_ __  __ _ \ \ \ \
( ( )\___ | '_ | '_| | '_ \/ _` | \ \ \ \
 \\/  ___)| |_)| | | | | || (_| |  ) ) ) )
  '  |____| .__|_| |_|_| |_\__, | / / / /
 =========|_|==============|___/=/_/_/_/

 :: Spring Boot ::                (v3.4.0)

2024-12-30T21:25:29.400+08:00  INFO 38012 --- [assignment] [           main] c.s.a.AssignmentApplicationTests         : Starting AssignmentApplicationTests using Java 21.0.4 with PID 38012 (started by 86178 in C:\Users\86178\IdeaProjects\webProject\assignment)
2024-12-30T21:25:29.402+08:00  INFO 38012 --- [assignment] [           main] c.s.a.AssignmentApplicationTests         : No active profile set, falling back to 1 default profile: "default"
Logging initialized using 'class org.apache.ibatis.logging.stdout.StdOutImpl' adapter.


,------.                           ,--.  ,--.         ,--.                         
|  .--. '  ,--,--.  ,---.   ,---.  |  '--'  |  ,---.  |  |  ,---.   ,---.  ,--.--. 
|  '--' | ' ,-.  | | .-. | | .-. : |  .--.  | | .-. : |  | | .-. | | .-. : |  .--' 
|  | --'  \ '-'  | ' '-' ' \   --. |  |  |  | \   --. |  | | '-' ' \   --. |  |    
`--'       `--`--' .`-  /   `----' `--'  `--'  `----' `--' |  |-'   `----' `--'    
                   `---'                                   `--'                        is intercepting.

2024-12-30T21:25:31.390+08:00  INFO 38012 --- [assignment] [           main] c.s.a.AssignmentApplicationTests         : Started AssignmentApplicationTests in 2.237 seconds (process running for 2.991)
eyJhbGciOiJIUzI1NiJ9.eyJ1bml2ZXJzaXR5IjoiQ0pMVSIsIlN1YmplY3QiOiJKYXZhV2ViIiwiZXhwIjoxNzM1NTY1NzMyfQ.QGq3yp-_ETm3ySFZspEI8iO9662_mQ8Fltv4jQhXe6I
]]></system-out>
    <system-err><![CDATA[Mockito is currently self-attaching to enable the inline-mock-maker. This will no longer work in future releases of the JDK. Please add Mockito as an agent to your build what is described in Mockito's documentation: https://javadoc.io/doc/org.mockito/mockito-core/latest/org/mockito/Mockito.html#0.3
WARNING: A Java agent has been loaded dynamically (C:\Users\86178\web\apache-maven-3.9.9\repo\net\bytebuddy\byte-buddy-agent\1.15.10\byte-buddy-agent-1.15.10.jar)
WARNING: If a serviceability tool is in use, please run with -XX:+EnableDynamicAgentLoading to hide this warning
WARNING: If a serviceability tool is not in use, please run with -Djdk.instrument.traceUsage for more information
WARNING: Dynamic loading of agents will be disallowed by default in a future release
]]></system-err>
  </testcase>
</testsuite>